<?xml version="1.0" encoding="UTF-8"?>
<testsuite name="com.fruitson.aws.web.IndexControllerTest" tests="1" skipped="0" failures="0" errors="0" timestamp="2020-04-04T10:27:54" hostname="nomad-Fruitson.local" time="0.193">
  <properties/>
  <testcase name="메인페이지_로딩" classname="com.fruitson.aws.web.IndexControllerTest" time="0.193"/>
  <system-out><![CDATA[2020-04-04 19:27:52.127  INFO 24346 --- [    Test worker] .b.t.c.SpringBootTestContextBootstrapper : Neither @ContextConfiguration nor @ContextHierarchy found for test class [com.fruitson.aws.web.IndexControllerTest], using SpringBootContextLoader
2020-04-04 19:27:52.128  INFO 24346 --- [    Test worker] o.s.t.c.support.AbstractContextLoader    : Could not detect default resource locations for test class [com.fruitson.aws.web.IndexControllerTest]: no resource found for suffixes {-context.xml, Context.groovy}.
2020-04-04 19:27:52.129  INFO 24346 --- [    Test worker] t.c.s.AnnotationConfigContextLoaderUtils : Could not detect default configuration classes for test class [com.fruitson.aws.web.IndexControllerTest]: IndexControllerTest does not declare any static, non-private, non-final, nested classes annotated with @Configuration.
2020-04-04 19:27:52.131  INFO 24346 --- [    Test worker] .b.t.c.SpringBootTestContextBootstrapper : Found @SpringBootConfiguration com.fruitson.aws.Application for test class com.fruitson.aws.web.IndexControllerTest
2020-04-04 19:27:52.133  INFO 24346 --- [    Test worker] .b.t.c.SpringBootTestContextBootstrapper : Loaded default TestExecutionListener class names from location [META-INF/spring.factories]: [org.springframework.security.test.context.support.WithSecurityContextTestExecutionListener, org.springframework.security.test.context.support.ReactorContextTestExecutionListener, org.springframework.boot.test.autoconfigure.restdocs.RestDocsTestExecutionListener, org.springframework.boot.test.autoconfigure.web.client.MockRestServiceServerResetTestExecutionListener, org.springframework.boot.test.autoconfigure.web.servlet.MockMvcPrintOnlyOnFailureTestExecutionListener, org.springframework.boot.test.autoconfigure.web.servlet.WebDriverTestExecutionListener, org.springframework.boot.test.mock.mockito.MockitoTestExecutionListener, org.springframework.boot.test.mock.mockito.ResetMocksTestExecutionListener, org.springframework.test.context.web.ServletTestExecutionListener, org.springframework.test.context.support.DirtiesContextBeforeModesTestExecutionListener, org.springframework.test.context.support.DependencyInjectionTestExecutionListener, org.springframework.test.context.support.DirtiesContextTestExecutionListener, org.springframework.test.context.transaction.TransactionalTestExecutionListener, org.springframework.test.context.jdbc.SqlScriptsTestExecutionListener]
2020-04-04 19:27:52.136  INFO 24346 --- [    Test worker] .b.t.c.SpringBootTestContextBootstrapper : Using TestExecutionListeners: [org.springframework.test.context.web.ServletTestExecutionListener@7fb99b75, org.springframework.test.context.support.DirtiesContextBeforeModesTestExecutionListener@3bbce2ff, org.springframework.boot.test.mock.mockito.MockitoTestExecutionListener@5a41909f, org.springframework.boot.test.autoconfigure.SpringBootDependencyInjectionTestExecutionListener@59ace3e8, org.springframework.test.context.support.DirtiesContextTestExecutionListener@6a7da99b, org.springframework.test.context.transaction.TransactionalTestExecutionListener@360a1531, org.springframework.test.context.jdbc.SqlScriptsTestExecutionListener@6099ae07, org.springframework.security.test.context.support.WithSecurityContextTestExecutionListener@5e94a25f, org.springframework.security.test.context.support.ReactorContextTestExecutionListener@5922e967, org.springframework.boot.test.autoconfigure.restdocs.RestDocsTestExecutionListener@3f67ccef, org.springframework.boot.test.autoconfigure.web.client.MockRestServiceServerResetTestExecutionListener@12a3b492, org.springframework.boot.test.autoconfigure.web.servlet.MockMvcPrintOnlyOnFailureTestExecutionListener@69de6ac3, org.springframework.boot.test.autoconfigure.web.servlet.WebDriverTestExecutionListener@2779cf4e, org.springframework.boot.test.mock.mockito.ResetMocksTestExecutionListener@26787ffa]

  .   ____          _            __ _ _
 /\\ / ___'_ __ _ _(_)_ __  __ _ \ \ \ \
( ( )\___ | '_ | '_| | '_ \/ _` | \ \ \ \
 \\/  ___)| |_)| | | | | || (_| |  ) ) ) )
  '  |____| .__|_| |_|_| |_\__, | / / / /
 =========|_|==============|___/=/_/_/_/
 :: Spring Boot ::        (v2.1.7.RELEASE)

2020-04-04 19:27:52.198  INFO 24346 --- [    Test worker] c.fruitson.aws.web.IndexControllerTest   : Starting IndexControllerTest on nomad-Fruitson.local with PID 24346 (started by fruitson in /Users/fruitson/Documents/workspace/intellij/AWSWithSpringBoot)
2020-04-04 19:27:52.199  INFO 24346 --- [    Test worker] c.fruitson.aws.web.IndexControllerTest   : No active profile set, falling back to default profiles: default
2020-04-04 19:27:52.434  INFO 24346 --- [    Test worker] .s.d.r.c.RepositoryConfigurationDelegate : Bootstrapping Spring Data repositories in DEFAULT mode.
2020-04-04 19:27:52.451  INFO 24346 --- [    Test worker] .s.d.r.c.RepositoryConfigurationDelegate : Finished Spring Data repository scanning in 17ms. Found 2 repository interfaces.
2020-04-04 19:27:52.553  INFO 24346 --- [    Test worker] trationDelegate$BeanPostProcessorChecker : Bean 'org.springframework.transaction.annotation.ProxyTransactionManagementConfiguration' of type [org.springframework.transaction.annotation.ProxyTransactionManagementConfiguration$$EnhancerBySpringCGLIB$$139021c] is not eligible for getting processed by all BeanPostProcessors (for example: not eligible for auto-proxying)
2020-04-04 19:27:52.801  INFO 24346 --- [    Test worker] o.s.b.w.embedded.tomcat.TomcatWebServer  : Tomcat initialized with port(s): 0 (http)
2020-04-04 19:27:52.835  INFO 24346 --- [    Test worker] o.apache.catalina.core.StandardService   : Starting service [Tomcat]
2020-04-04 19:27:52.836  INFO 24346 --- [    Test worker] org.apache.catalina.core.StandardEngine  : Starting Servlet engine: [Apache Tomcat/9.0.22]
2020-04-04 19:27:52.986  INFO 24346 --- [    Test worker] o.a.c.c.C.[Tomcat].[localhost].[/]       : Initializing Spring embedded WebApplicationContext
2020-04-04 19:27:52.986  INFO 24346 --- [    Test worker] o.s.web.context.ContextLoader            : Root WebApplicationContext: initialization completed in 785 ms
2020-04-04 19:27:53.210  INFO 24346 --- [    Test worker] com.zaxxer.hikari.HikariDataSource       : HikariPool-2 - Starting...
2020-04-04 19:27:53.213  INFO 24346 --- [    Test worker] com.zaxxer.hikari.HikariDataSource       : HikariPool-2 - Start completed.
2020-04-04 19:27:53.247  INFO 24346 --- [    Test worker] o.hibernate.jpa.internal.util.LogHelper  : HHH000204: Processing PersistenceUnitInfo [
	name: default
	...]
2020-04-04 19:27:53.256  INFO 24346 --- [    Test worker] org.hibernate.dialect.Dialect            : HHH000400: Using dialect: org.hibernate.dialect.MySQL5InnoDBDialect
Hibernate: drop table if exists posts
Hibernate: drop table if exists user
Hibernate: create table posts (id bigint not null auto_increment, created_date datetime, modifired_date datetime, author varchar(255), content TEXT not null, title varchar(500) not null, primary key (id)) engine=InnoDB
Hibernate: create table user (id bigint not null auto_increment, created_date datetime, modifired_date datetime, email varchar(255) not null, name varchar(255) not null, picture varchar(255), role varchar(255) not null, primary key (id)) engine=InnoDB
2020-04-04 19:27:53.322  INFO 24346 --- [    Test worker] o.h.t.schema.internal.SchemaCreatorImpl  : HHH000476: Executing import script 'org.hibernate.tool.schema.internal.exec.ScriptSourceInputNonExistentImpl@58c63d96'
2020-04-04 19:27:53.323  INFO 24346 --- [    Test worker] j.LocalContainerEntityManagerFactoryBean : Initialized JPA EntityManagerFactory for persistence unit 'default'
2020-04-04 19:27:53.619  INFO 24346 --- [    Test worker] o.h.h.i.QueryTranslatorFactoryInitiator  : HHH000397: Using ASTQueryTranslatorFactory
2020-04-04 19:27:53.753  INFO 24346 --- [    Test worker] o.s.s.web.DefaultSecurityFilterChain     : Creating filter chain: any request, [org.springframework.security.web.context.request.async.WebAsyncManagerIntegrationFilter@4b6a7fd4, org.springframework.security.web.context.SecurityContextPersistenceFilter@3ed975e3, org.springframework.security.web.header.HeaderWriterFilter@4b4810d, org.springframework.security.web.authentication.logout.LogoutFilter@2a055780, org.springframework.security.oauth2.client.web.OAuth2AuthorizationRequestRedirectFilter@22051e4, org.springframework.security.oauth2.client.web.OAuth2LoginAuthenticationFilter@3d2e446, org.springframework.security.web.authentication.ui.DefaultLoginPageGeneratingFilter@5f0657ee, org.springframework.security.web.authentication.ui.DefaultLogoutPageGeneratingFilter@307e8684, org.springframework.security.web.savedrequest.RequestCacheAwareFilter@693cabd6, org.springframework.security.web.servletapi.SecurityContextHolderAwareRequestFilter@49a0e315, org.springframework.security.web.authentication.AnonymousAuthenticationFilter@30d14e1e, org.springframework.security.web.session.SessionManagementFilter@62de8dd2, org.springframework.security.web.access.ExceptionTranslationFilter@212ed395, org.springframework.security.web.access.intercept.FilterSecurityInterceptor@4b960f22]
2020-04-04 19:27:53.917  INFO 24346 --- [    Test worker] o.s.s.concurrent.ThreadPoolTaskExecutor  : Initializing ExecutorService 'applicationTaskExecutor'
2020-04-04 19:27:53.933  WARN 24346 --- [    Test worker] aWebConfiguration$JpaWebMvcConfiguration : spring.jpa.open-in-view is enabled by default. Therefore, database queries may be performed during view rendering. Explicitly configure spring.jpa.open-in-view to disable this warning
2020-04-04 19:27:53.959  INFO 24346 --- [    Test worker] o.s.b.a.w.s.WelcomePageHandlerMapping    : Adding welcome page template: index
2020-04-04 19:27:54.219  INFO 24346 --- [    Test worker] s.a.ScheduledAnnotationBeanPostProcessor : No TaskScheduler/ScheduledExecutorService bean found for scheduled processing
2020-04-04 19:27:54.239  INFO 24346 --- [    Test worker] o.s.b.w.embedded.tomcat.TomcatWebServer  : Tomcat started on port(s): 63770 (http) with context path ''
2020-04-04 19:27:54.241  INFO 24346 --- [    Test worker] c.fruitson.aws.web.IndexControllerTest   : Started IndexControllerTest in 2.102 seconds (JVM running for 12.937)
2020-04-04 19:27:54.343  INFO 24346 --- [o-auto-1-exec-1] o.a.c.c.C.[Tomcat].[localhost].[/]       : Initializing Spring DispatcherServlet 'dispatcherServlet'
2020-04-04 19:27:54.343  INFO 24346 --- [o-auto-1-exec-1] o.s.web.servlet.DispatcherServlet        : Initializing Servlet 'dispatcherServlet'
2020-04-04 19:27:54.366  INFO 24346 --- [o-auto-1-exec-1] o.s.web.servlet.DispatcherServlet        : Completed initialization in 23 ms
Hibernate: select posts0_.id as id1_0_, posts0_.created_date as created_2_0_, posts0_.modifired_date as modifire3_0_, posts0_.author as author4_0_, posts0_.content as content5_0_, posts0_.title as title6_0_ from posts posts0_ order by posts0_.id DESC
]]></system-out>
  <system-err><![CDATA[]]></system-err>
</testsuite>
