<?xml version="1.0" encoding="UTF-8"?>
<testsuite name="com.fruitson.aws.web.PostsApiControllerTest" tests="4" skipped="0" failures="0" errors="0" timestamp="2020-03-27T08:42:42" hostname="nomad-Fruitson.local" time="0.165">
  <properties/>
  <testcase name="BaseTimeEntity_등록" classname="com.fruitson.aws.web.PostsApiControllerTest" time="0.03"/>
  <testcase name="Posts_등록된다" classname="com.fruitson.aws.web.PostsApiControllerTest" time="0.063"/>
  <testcase name="Posts_삭제된다" classname="com.fruitson.aws.web.PostsApiControllerTest" time="0.034"/>
  <testcase name="Posts_수정된다" classname="com.fruitson.aws.web.PostsApiControllerTest" time="0.035"/>
  <system-out><![CDATA[2020-03-27 17:42:42.523  INFO 56983 --- [    Test worker] .b.t.c.SpringBootTestContextBootstrapper : Neither @ContextConfiguration nor @ContextHierarchy found for test class [com.fruitson.aws.web.PostsApiControllerTest], using SpringBootContextLoader
2020-03-27 17:42:42.524  INFO 56983 --- [    Test worker] o.s.t.c.support.AbstractContextLoader    : Could not detect default resource locations for test class [com.fruitson.aws.web.PostsApiControllerTest]: no resource found for suffixes {-context.xml, Context.groovy}.
2020-03-27 17:42:42.525  INFO 56983 --- [    Test worker] t.c.s.AnnotationConfigContextLoaderUtils : Could not detect default configuration classes for test class [com.fruitson.aws.web.PostsApiControllerTest]: PostsApiControllerTest does not declare any static, non-private, non-final, nested classes annotated with @Configuration.
2020-03-27 17:42:42.526  INFO 56983 --- [    Test worker] .b.t.c.SpringBootTestContextBootstrapper : Found @SpringBootConfiguration com.fruitson.aws.Application for test class com.fruitson.aws.web.PostsApiControllerTest
2020-03-27 17:42:42.528  INFO 56983 --- [    Test worker] .b.t.c.SpringBootTestContextBootstrapper : Loaded default TestExecutionListener class names from location [META-INF/spring.factories]: [org.springframework.security.test.context.support.WithSecurityContextTestExecutionListener, org.springframework.security.test.context.support.ReactorContextTestExecutionListener, org.springframework.boot.test.autoconfigure.restdocs.RestDocsTestExecutionListener, org.springframework.boot.test.autoconfigure.web.client.MockRestServiceServerResetTestExecutionListener, org.springframework.boot.test.autoconfigure.web.servlet.MockMvcPrintOnlyOnFailureTestExecutionListener, org.springframework.boot.test.autoconfigure.web.servlet.WebDriverTestExecutionListener, org.springframework.boot.test.mock.mockito.MockitoTestExecutionListener, org.springframework.boot.test.mock.mockito.ResetMocksTestExecutionListener, org.springframework.test.context.web.ServletTestExecutionListener, org.springframework.test.context.support.DirtiesContextBeforeModesTestExecutionListener, org.springframework.test.context.support.DependencyInjectionTestExecutionListener, org.springframework.test.context.support.DirtiesContextTestExecutionListener, org.springframework.test.context.transaction.TransactionalTestExecutionListener, org.springframework.test.context.jdbc.SqlScriptsTestExecutionListener]
2020-03-27 17:42:42.529  INFO 56983 --- [    Test worker] .b.t.c.SpringBootTestContextBootstrapper : Using TestExecutionListeners: [org.springframework.test.context.web.ServletTestExecutionListener@1aeabbd0, org.springframework.test.context.support.DirtiesContextBeforeModesTestExecutionListener@72baba1c, org.springframework.boot.test.mock.mockito.MockitoTestExecutionListener@14cb9c2e, org.springframework.boot.test.autoconfigure.SpringBootDependencyInjectionTestExecutionListener@22b2e9ce, org.springframework.test.context.support.DirtiesContextTestExecutionListener@6d49e273, org.springframework.test.context.transaction.TransactionalTestExecutionListener@4a84cf9c, org.springframework.test.context.jdbc.SqlScriptsTestExecutionListener@2e6000e, org.springframework.security.test.context.support.WithSecurityContextTestExecutionListener@37af6505, org.springframework.security.test.context.support.ReactorContextTestExecutionListener@155753f9, org.springframework.boot.test.autoconfigure.restdocs.RestDocsTestExecutionListener@79c386e0, org.springframework.boot.test.autoconfigure.web.client.MockRestServiceServerResetTestExecutionListener@4b171fa6, org.springframework.boot.test.autoconfigure.web.servlet.MockMvcPrintOnlyOnFailureTestExecutionListener@75cdc8c, org.springframework.boot.test.autoconfigure.web.servlet.WebDriverTestExecutionListener@283b9f05, org.springframework.boot.test.mock.mockito.ResetMocksTestExecutionListener@4daae864]
2020-03-27 17:42:42.544  INFO 56983 --- [    Test worker] o.a.c.c.C.[Tomcat].[localhost].[/]       : Initializing Spring TestDispatcherServlet ''
2020-03-27 17:42:42.544  INFO 56983 --- [    Test worker] o.s.t.web.servlet.TestDispatcherServlet  : Initializing Servlet ''
2020-03-27 17:42:42.547  INFO 56983 --- [    Test worker] o.s.t.web.servlet.TestDispatcherServlet  : Completed initialization in 3 ms
Hibernate: insert into posts (created_date, modifired_date, author, content, title) values (?, ?, ?, ?, ?)
Hibernate: select posts0_.id as id1_0_, posts0_.created_date as created_2_0_, posts0_.modifired_date as modifire3_0_, posts0_.author as author4_0_, posts0_.content as content5_0_, posts0_.title as title6_0_ from posts posts0_
>>>>> createDate=2020-03-27T17:42:42.557, modifiedDate=2020-03-27T17:42:42.557
Hibernate: select posts0_.id as id1_0_, posts0_.created_date as created_2_0_, posts0_.modifired_date as modifire3_0_, posts0_.author as author4_0_, posts0_.content as content5_0_, posts0_.title as title6_0_ from posts posts0_
Hibernate: delete from posts where id=?
2020-03-27 17:42:42.575  INFO 56983 --- [    Test worker] o.a.c.c.C.[Tomcat].[localhost].[/]       : Initializing Spring TestDispatcherServlet ''
2020-03-27 17:42:42.575  INFO 56983 --- [    Test worker] o.s.t.web.servlet.TestDispatcherServlet  : Initializing Servlet ''
2020-03-27 17:42:42.577  INFO 56983 --- [    Test worker] o.s.t.web.servlet.TestDispatcherServlet  : Completed initialization in 2 ms
Hibernate: insert into posts (created_date, modifired_date, author, content, title) values (?, ?, ?, ?, ?)
Hibernate: select posts0_.id as id1_0_, posts0_.created_date as created_2_0_, posts0_.modifired_date as modifire3_0_, posts0_.author as author4_0_, posts0_.content as content5_0_, posts0_.title as title6_0_ from posts posts0_
Hibernate: select posts0_.id as id1_0_, posts0_.created_date as created_2_0_, posts0_.modifired_date as modifire3_0_, posts0_.author as author4_0_, posts0_.content as content5_0_, posts0_.title as title6_0_ from posts posts0_
Hibernate: delete from posts where id=?
2020-03-27 17:42:42.637  INFO 56983 --- [    Test worker] o.a.c.c.C.[Tomcat].[localhost].[/]       : Initializing Spring TestDispatcherServlet ''
2020-03-27 17:42:42.637  INFO 56983 --- [    Test worker] o.s.t.web.servlet.TestDispatcherServlet  : Initializing Servlet ''
2020-03-27 17:42:42.643  INFO 56983 --- [    Test worker] o.s.t.web.servlet.TestDispatcherServlet  : Completed initialization in 5 ms
Hibernate: insert into posts (created_date, modifired_date, author, content, title) values (?, ?, ?, ?, ?)
Hibernate: select posts0_.id as id1_0_0_, posts0_.created_date as created_2_0_0_, posts0_.modifired_date as modifire3_0_0_, posts0_.author as author4_0_0_, posts0_.content as content5_0_0_, posts0_.title as title6_0_0_ from posts posts0_ where posts0_.id=?
Hibernate: delete from posts where id=?
Hibernate: select posts0_.id as id1_0_, posts0_.created_date as created_2_0_, posts0_.modifired_date as modifire3_0_, posts0_.author as author4_0_, posts0_.content as content5_0_, posts0_.title as title6_0_ from posts posts0_
Hibernate: select posts0_.id as id1_0_, posts0_.created_date as created_2_0_, posts0_.modifired_date as modifire3_0_, posts0_.author as author4_0_, posts0_.content as content5_0_, posts0_.title as title6_0_ from posts posts0_
2020-03-27 17:42:42.672  INFO 56983 --- [    Test worker] o.a.c.c.C.[Tomcat].[localhost].[/]       : Initializing Spring TestDispatcherServlet ''
2020-03-27 17:42:42.672  INFO 56983 --- [    Test worker] o.s.t.web.servlet.TestDispatcherServlet  : Initializing Servlet ''
2020-03-27 17:42:42.675  INFO 56983 --- [    Test worker] o.s.t.web.servlet.TestDispatcherServlet  : Completed initialization in 3 ms
Hibernate: insert into posts (created_date, modifired_date, author, content, title) values (?, ?, ?, ?, ?)
Hibernate: select posts0_.id as id1_0_0_, posts0_.created_date as created_2_0_0_, posts0_.modifired_date as modifire3_0_0_, posts0_.author as author4_0_0_, posts0_.content as content5_0_0_, posts0_.title as title6_0_0_ from posts posts0_ where posts0_.id=?
Hibernate: update posts set created_date=?, modifired_date=?, author=?, content=?, title=? where id=?
Hibernate: select posts0_.id as id1_0_, posts0_.created_date as created_2_0_, posts0_.modifired_date as modifire3_0_, posts0_.author as author4_0_, posts0_.content as content5_0_, posts0_.title as title6_0_ from posts posts0_
Hibernate: select posts0_.id as id1_0_, posts0_.created_date as created_2_0_, posts0_.modifired_date as modifire3_0_, posts0_.author as author4_0_, posts0_.content as content5_0_, posts0_.title as title6_0_ from posts posts0_
Hibernate: delete from posts where id=?
]]></system-out>
  <system-err><![CDATA[]]></system-err>
</testsuite>
