<?xml version="1.0" encoding="UTF-8"?>
<testsuite name="com.fruitson.aws.web.HelloControllerTest" tests="2" skipped="0" failures="0" errors="0" timestamp="2020-04-04T10:27:51" hostname="nomad-Fruitson.local" time="0.19">
  <properties/>
  <testcase name="hello가_리턴된다" classname="com.fruitson.aws.web.HelloControllerTest" time="0.088"/>
  <testcase name="helloDto가_리턴된다" classname="com.fruitson.aws.web.HelloControllerTest" time="0.101"/>
  <system-out><![CDATA[2020-04-04 19:27:50.947  INFO 24346 --- [    Test worker] .b.t.a.w.s.WebMvcTestContextBootstrapper : Neither @ContextConfiguration nor @ContextHierarchy found for test class [com.fruitson.aws.web.HelloControllerTest], using SpringBootContextLoader
2020-04-04 19:27:50.949  INFO 24346 --- [    Test worker] o.s.t.c.support.AbstractContextLoader    : Could not detect default resource locations for test class [com.fruitson.aws.web.HelloControllerTest]: no resource found for suffixes {-context.xml, Context.groovy}.
2020-04-04 19:27:50.949  INFO 24346 --- [    Test worker] t.c.s.AnnotationConfigContextLoaderUtils : Could not detect default configuration classes for test class [com.fruitson.aws.web.HelloControllerTest]: HelloControllerTest does not declare any static, non-private, non-final, nested classes annotated with @Configuration.
2020-04-04 19:27:50.997  INFO 24346 --- [    Test worker] .b.t.c.SpringBootTestContextBootstrapper : Found @SpringBootConfiguration com.fruitson.aws.Application for test class com.fruitson.aws.web.HelloControllerTest
2020-04-04 19:27:50.999  INFO 24346 --- [    Test worker] .b.t.a.w.s.WebMvcTestContextBootstrapper : Loaded default TestExecutionListener class names from location [META-INF/spring.factories]: [org.springframework.security.test.context.support.WithSecurityContextTestExecutionListener, org.springframework.security.test.context.support.ReactorContextTestExecutionListener, org.springframework.boot.test.autoconfigure.restdocs.RestDocsTestExecutionListener, org.springframework.boot.test.autoconfigure.web.client.MockRestServiceServerResetTestExecutionListener, org.springframework.boot.test.autoconfigure.web.servlet.MockMvcPrintOnlyOnFailureTestExecutionListener, org.springframework.boot.test.autoconfigure.web.servlet.WebDriverTestExecutionListener, org.springframework.boot.test.mock.mockito.MockitoTestExecutionListener, org.springframework.boot.test.mock.mockito.ResetMocksTestExecutionListener, org.springframework.test.context.web.ServletTestExecutionListener, org.springframework.test.context.support.DirtiesContextBeforeModesTestExecutionListener, org.springframework.test.context.support.DependencyInjectionTestExecutionListener, org.springframework.test.context.support.DirtiesContextTestExecutionListener, org.springframework.test.context.transaction.TransactionalTestExecutionListener, org.springframework.test.context.jdbc.SqlScriptsTestExecutionListener]
2020-04-04 19:27:51.002  INFO 24346 --- [    Test worker] .b.t.a.w.s.WebMvcTestContextBootstrapper : Using TestExecutionListeners: [org.springframework.test.context.web.ServletTestExecutionListener@7898e1b2, org.springframework.test.context.support.DirtiesContextBeforeModesTestExecutionListener@7bfd358d, org.springframework.boot.test.mock.mockito.MockitoTestExecutionListener@4ffda4bf, org.springframework.boot.test.autoconfigure.SpringBootDependencyInjectionTestExecutionListener@231cfa3, org.springframework.test.context.support.DirtiesContextTestExecutionListener@3d1b2b26, org.springframework.test.context.transaction.TransactionalTestExecutionListener@2fd83055, org.springframework.test.context.jdbc.SqlScriptsTestExecutionListener@d22b14d, org.springframework.security.test.context.support.WithSecurityContextTestExecutionListener@1e22b9d, org.springframework.security.test.context.support.ReactorContextTestExecutionListener@65c4629c, org.springframework.boot.test.autoconfigure.restdocs.RestDocsTestExecutionListener@b70bce9, org.springframework.boot.test.autoconfigure.web.client.MockRestServiceServerResetTestExecutionListener@13c0cc13, org.springframework.boot.test.autoconfigure.web.servlet.MockMvcPrintOnlyOnFailureTestExecutionListener@3eeb335, org.springframework.boot.test.autoconfigure.web.servlet.WebDriverTestExecutionListener@45f8f156, org.springframework.boot.test.mock.mockito.ResetMocksTestExecutionListener@4be19af4]

  .   ____          _            __ _ _
 /\\ / ___'_ __ _ _(_)_ __  __ _ \ \ \ \
( ( )\___ | '_ | '_| | '_ \/ _` | \ \ \ \
 \\/  ___)| |_)| | | | | || (_| |  ) ) ) )
  '  |____| .__|_| |_|_| |_\__, | / / / /
 =========|_|==============|___/=/_/_/_/
 :: Spring Boot ::        (v2.1.7.RELEASE)

2020-04-04 19:27:51.052  INFO 24346 --- [    Test worker] c.fruitson.aws.web.HelloControllerTest   : Starting HelloControllerTest on nomad-Fruitson.local with PID 24346 (started by fruitson in /Users/fruitson/Documents/workspace/intellij/AWSWithSpringBoot)
2020-04-04 19:27:51.053  INFO 24346 --- [    Test worker] c.fruitson.aws.web.HelloControllerTest   : No active profile set, falling back to default profiles: default
2020-04-04 19:27:51.450  INFO 24346 --- [    Test worker] o.s.s.concurrent.ThreadPoolTaskExecutor  : Initializing ExecutorService 'applicationTaskExecutor'
2020-04-04 19:27:51.483  INFO 24346 --- [    Test worker] o.s.b.a.w.s.WelcomePageHandlerMapping    : Adding welcome page template: index
2020-04-04 19:27:51.693  INFO 24346 --- [    Test worker] .s.s.UserDetailsServiceAutoConfiguration : 

Using generated security password: 38e1f0ec-6205-4b2d-86e0-b38f27b9111c

2020-04-04 19:27:51.817  INFO 24346 --- [    Test worker] o.s.s.web.DefaultSecurityFilterChain     : Creating filter chain: any request, [org.springframework.security.web.context.request.async.WebAsyncManagerIntegrationFilter@543d4db0, org.springframework.security.web.context.SecurityContextPersistenceFilter@7a19f085, org.springframework.security.web.header.HeaderWriterFilter@4e5b01ea, org.springframework.security.web.csrf.CsrfFilter@1d2ea4e2, org.springframework.security.web.authentication.logout.LogoutFilter@fa9eaf8, org.springframework.security.web.authentication.UsernamePasswordAuthenticationFilter@35737ad1, org.springframework.security.web.authentication.ui.DefaultLoginPageGeneratingFilter@3c31d29d, org.springframework.security.web.authentication.ui.DefaultLogoutPageGeneratingFilter@5466e848, org.springframework.security.web.authentication.www.BasicAuthenticationFilter@53b4e40f, org.springframework.security.web.savedrequest.RequestCacheAwareFilter@5911d984, org.springframework.security.web.servletapi.SecurityContextHolderAwareRequestFilter@4f53c71d, org.springframework.security.web.authentication.AnonymousAuthenticationFilter@2086ea57, org.springframework.security.web.session.SessionManagementFilter@263aa577, org.springframework.security.web.access.ExceptionTranslationFilter@c05f5cf, org.springframework.security.web.access.intercept.FilterSecurityInterceptor@7b26ca3b]
2020-04-04 19:27:51.865  INFO 24346 --- [    Test worker] o.s.b.t.m.w.SpringBootMockServletContext : Initializing Spring TestDispatcherServlet ''
2020-04-04 19:27:51.865  INFO 24346 --- [    Test worker] o.s.t.web.servlet.TestDispatcherServlet  : Initializing Servlet ''
2020-04-04 19:27:51.883  INFO 24346 --- [    Test worker] o.s.t.web.servlet.TestDispatcherServlet  : Completed initialization in 18 ms
2020-04-04 19:27:51.930  INFO 24346 --- [    Test worker] c.fruitson.aws.web.HelloControllerTest   : Started HelloControllerTest in 0.925 seconds (JVM running for 10.627)
]]></system-out>
  <system-err><![CDATA[]]></system-err>
</testsuite>
