<?xml version="1.0" encoding="UTF-8"?>
<testsuite name="com.fruitson.aws.web.dto.HelloResponseDtoTest" tests="1" skipped="0" failures="0" errors="0" timestamp="2020-04-04T10:27:41" hostname="nomad-Fruitson.local" time="0.092">
  <properties/>
  <testcase name="롬복_기능_테스트" classname="com.fruitson.aws.web.dto.HelloResponseDtoTest" time="0.092"/>
  <system-out><![CDATA[]]></system-out>
  <system-err><![CDATA[]]></system-err>
</testsuite>
